<?xml version="1.0" encoding="UTF-8"?>
<testng-results ignored="0" total="3" passed="2" failed="1" skipped="0">
  <reporter-output>
  </reporter-output>
  <suite started-at="2022-07-19T22:54:34 NZST" name="Default suite" finished-at="2022-07-19T22:54:50 NZST" duration-ms="16442">
    <groups>
      <group name="regression">
        <method signature="HomePageTest.registerNewUser()[pri:1, instance:qa.testcases.HomePageTest@2e4b8173]" name="registerNewUser" class="qa.testcases.HomePageTest"/>
        <method signature="HomePageTest.signIn()[pri:2, instance:qa.testcases.HomePageTest@2e4b8173]" name="signIn" class="qa.testcases.HomePageTest"/>
        <method signature="HomePageTest.reRegisterUser()[pri:3, instance:qa.testcases.HomePageTest@2e4b8173]" name="reRegisterUser" class="qa.testcases.HomePageTest"/>
      </group> <!-- regression -->
    </groups>
    <test started-at="2022-07-19T22:54:34 NZST" name="Default test" finished-at="2022-07-19T22:54:50 NZST" duration-ms="16442">
      <class name="qa.testcases.HomePageTest">
        <test-method is-config="true" signature="setVariables()[pri:0, instance:qa.testcases.HomePageTest@2e4b8173]" started-at="2022-07-19T22:54:34 NZST" name="setVariables" finished-at="2022-07-19T22:54:34 NZST" duration-ms="144" status="PASS">
          <reporter-output>
          </reporter-output>
        </test-method> <!-- setVariables -->
        <test-method is-config="true" signature="setUp()[pri:0, instance:qa.testcases.HomePageTest@2e4b8173]" started-at="2022-07-19T22:54:34 NZST" name="setUp" finished-at="2022-07-19T22:54:36 NZST" duration-ms="2565" status="PASS">
          <reporter-output>
          </reporter-output>
        </test-method> <!-- setUp -->
        <test-method signature="registerNewUser()[pri:1, instance:qa.testcases.HomePageTest@2e4b8173]" started-at="2022-07-19T22:54:36 NZST" name="registerNewUser" finished-at="2022-07-19T22:54:37 NZST" duration-ms="1033" status="PASS">
          <reporter-output>
          </reporter-output>
        </test-method> <!-- registerNewUser -->
        <test-method is-config="true" signature="tearDown(org.testng.ITestResult)[pri:0, instance:qa.testcases.HomePageTest@2e4b8173]" started-at="2022-07-19T22:54:37 NZST" name="tearDown" finished-at="2022-07-19T22:54:38 NZST" duration-ms="819" status="PASS">
          <params>
            <param index="0">
              <value>
                <![CDATA[[TestResult name=registerNewUser status=SUCCESS method=HomePageTest.registerNewUser()[pri:1, instance:qa.testcases.HomePageTest@2e4b8173] output={null}]]]>
              </value>
            </param>
          </params>
          <reporter-output>
          </reporter-output>
        </test-method> <!-- tearDown -->
        <test-method is-config="true" signature="setUp()[pri:0, instance:qa.testcases.HomePageTest@2e4b8173]" started-at="2022-07-19T22:54:38 NZST" name="setUp" finished-at="2022-07-19T22:54:40 NZST" duration-ms="1943" status="PASS">
          <reporter-output>
          </reporter-output>
        </test-method> <!-- setUp -->
        <test-method signature="signIn()[pri:2, instance:qa.testcases.HomePageTest@2e4b8173]" started-at="2022-07-19T22:54:40 NZST" name="signIn" finished-at="2022-07-19T22:54:42 NZST" depends-on-methods="qa.testcases.HomePageTest.registerNewUser" duration-ms="2335" status="FAIL">
          <exception class="java.lang.AssertionError">
            <message>
              <![CDATA[T02 failed due to below reason:org.openqa.selenium.NoSuchElementException: no such element: Unable to locate element: {"method":"xpath","selector":"//a[contains(text(),'Profile')]/parent::li/parent::ul/li[1]"}
  (Session info: chrome=103.0.5060.114)
For documentation on this error, please visit: https://www.seleniumhq.org/exceptions/no_such_element.html
Build info: version: '3.141.59', revision: 'e82be7d358', time: '2018-11-14T08:17:03'
System info: host: 'LAPTOP-J74PBGG1', ip: '192.168.1.11', os.name: 'Windows 10', os.arch: 'amd64', os.version: '10.0', java.version: '13.0.2'
Driver info: org.openqa.selenium.chrome.ChromeDriver
Capabilities {acceptInsecureCerts: false, browserName: chrome, browserVersion: 103.0.5060.114, chrome: {chromedriverVersion: 103.0.5060.53 (a1711811edd7..., userDataDir: C:\Users\ranje\AppData\Loca...}, goog:chromeOptions: {debuggerAddress: localhost:49340}, javascriptEnabled: true, networkConnectionEnabled: false, pageLoadStrategy: normal, platform: WINDOWS, platformName: WINDOWS, proxy: Proxy(), setWindowRect: true, strictFileInteractability: false, timeouts: {implicit: 0, pageLoad: 300000, script: 30000}, unhandledPromptBehavior: dismiss and notify, webauthn:extension:credBlob: true, webauthn:extension:largeBlob: true, webauthn:virtualAuthenticators: true}
Session ID: ac45073258a9fd2c38d8804e8df56a67
*** Element info: {Using=xpath, value=//a[contains(text(),'Profile')]/parent::li/parent::ul/li[1]}]]>
            </message>
            <full-stacktrace>
              <![CDATA[java.lang.AssertionError: T02 failed due to below reason:org.openqa.selenium.NoSuchElementException: no such element: Unable to locate element: {"method":"xpath","selector":"//a[contains(text(),'Profile')]/parent::li/parent::ul/li[1]"}
  (Session info: chrome=103.0.5060.114)
For documentation on this error, please visit: https://www.seleniumhq.org/exceptions/no_such_element.html
Build info: version: '3.141.59', revision: 'e82be7d358', time: '2018-11-14T08:17:03'
System info: host: 'LAPTOP-J74PBGG1', ip: '192.168.1.11', os.name: 'Windows 10', os.arch: 'amd64', os.version: '10.0', java.version: '13.0.2'
Driver info: org.openqa.selenium.chrome.ChromeDriver
Capabilities {acceptInsecureCerts: false, browserName: chrome, browserVersion: 103.0.5060.114, chrome: {chromedriverVersion: 103.0.5060.53 (a1711811edd7..., userDataDir: C:\Users\ranje\AppData\Loca...}, goog:chromeOptions: {debuggerAddress: localhost:49340}, javascriptEnabled: true, networkConnectionEnabled: false, pageLoadStrategy: normal, platform: WINDOWS, platformName: WINDOWS, proxy: Proxy(), setWindowRect: true, strictFileInteractability: false, timeouts: {implicit: 0, pageLoad: 300000, script: 30000}, unhandledPromptBehavior: dismiss and notify, webauthn:extension:credBlob: true, webauthn:extension:largeBlob: true, webauthn:virtualAuthenticators: true}
Session ID: ac45073258a9fd2c38d8804e8df56a67
*** Element info: {Using=xpath, value=//a[contains(text(),'Profile')]/parent::li/parent::ul/li[1]}
at org.testng.Assert.fail(Assert.java:97)
at qa.testcases.HomePageTest.signIn(HomePageTest.java:86)
at java.base/jdk.internal.reflect.NativeMethodAccessorImpl.invoke0(Native Method)
at java.base/jdk.internal.reflect.NativeMethodAccessorImpl.invoke(NativeMethodAccessorImpl.java:62)
at java.base/jdk.internal.reflect.DelegatingMethodAccessorImpl.invoke(DelegatingMethodAccessorImpl.java:43)
at java.base/java.lang.reflect.Method.invoke(Method.java:567)
at org.testng.internal.MethodInvocationHelper.invokeMethod(MethodInvocationHelper.java:134)
at org.testng.internal.TestInvoker.invokeMethod(TestInvoker.java:597)
at org.testng.internal.TestInvoker.invokeTestMethod(TestInvoker.java:173)
at org.testng.internal.MethodRunner.runInSequence(MethodRunner.java:46)
at org.testng.internal.TestInvoker$MethodInvocationAgent.invoke(TestInvoker.java:816)
at org.testng.internal.TestInvoker.invokeTestMethods(TestInvoker.java:146)
at org.testng.internal.TestMethodWorker.invokeTestMethods(TestMethodWorker.java:146)
at org.testng.internal.TestMethodWorker.run(TestMethodWorker.java:128)
at java.base/java.util.ArrayList.forEach(ArrayList.java:1507)
at org.testng.TestRunner.privateRun(TestRunner.java:766)
at org.testng.TestRunner.run(TestRunner.java:587)
at org.testng.SuiteRunner.runTest(SuiteRunner.java:384)
at org.testng.SuiteRunner.runSequentially(SuiteRunner.java:378)
at org.testng.SuiteRunner.privateRun(SuiteRunner.java:337)
at org.testng.SuiteRunner.run(SuiteRunner.java:286)
at org.testng.SuiteRunnerWorker.runSuite(SuiteRunnerWorker.java:53)
at org.testng.SuiteRunnerWorker.run(SuiteRunnerWorker.java:96)
at org.testng.TestNG.runSuitesSequentially(TestNG.java:1187)
at org.testng.TestNG.runSuitesLocally(TestNG.java:1109)
at org.testng.TestNG.runSuites(TestNG.java:1039)
at org.testng.TestNG.run(TestNG.java:1007)
at org.testng.remote.AbstractRemoteTestNG.run(AbstractRemoteTestNG.java:115)
at org.testng.remote.RemoteTestNG.initAndRun(RemoteTestNG.java:251)
at org.testng.remote.RemoteTestNG.main(RemoteTestNG.java:77)
]]>
            </full-stacktrace>
          </exception> <!-- java.lang.AssertionError -->
          <reporter-output>
          </reporter-output>
        </test-method> <!-- signIn -->
        <test-method is-config="true" signature="tearDown(org.testng.ITestResult)[pri:0, instance:qa.testcases.HomePageTest@2e4b8173]" started-at="2022-07-19T22:54:42 NZST" name="tearDown" finished-at="2022-07-19T22:54:43 NZST" duration-ms="1041" status="PASS">
          <params>
            <param index="0">
              <value>
                <![CDATA[[TestResult name=signIn status=FAILURE method=HomePageTest.signIn()[pri:2, instance:qa.testcases.HomePageTest@2e4b8173] output={null}]]]>
              </value>
            </param>
          </params>
          <reporter-output>
          </reporter-output>
        </test-method> <!-- tearDown -->
        <test-method is-config="true" signature="setUp()[pri:0, instance:qa.testcases.HomePageTest@2e4b8173]" started-at="2022-07-19T22:54:43 NZST" name="setUp" finished-at="2022-07-19T22:54:45 NZST" duration-ms="1984" status="PASS">
          <reporter-output>
          </reporter-output>
        </test-method> <!-- setUp -->
        <test-method signature="reRegisterUser()[pri:3, instance:qa.testcases.HomePageTest@2e4b8173]" started-at="2022-07-19T22:54:45 NZST" name="reRegisterUser" finished-at="2022-07-19T22:54:49 NZST" duration-ms="3313" status="PASS">
          <reporter-output>
          </reporter-output>
        </test-method> <!-- reRegisterUser -->
        <test-method is-config="true" signature="tearDown(org.testng.ITestResult)[pri:0, instance:qa.testcases.HomePageTest@2e4b8173]" started-at="2022-07-19T22:54:49 NZST" name="tearDown" finished-at="2022-07-19T22:54:50 NZST" duration-ms="811" status="PASS">
          <params>
            <param index="0">
              <value>
                <![CDATA[[TestResult name=reRegisterUser status=SUCCESS method=HomePageTest.reRegisterUser()[pri:3, instance:qa.testcases.HomePageTest@2e4b8173] output={null}]]]>
              </value>
            </param>
          </params>
          <reporter-output>
          </reporter-output>
        </test-method> <!-- tearDown -->
        <test-method is-config="true" signature="pauseReporting()[pri:0, instance:qa.testcases.HomePageTest@2e4b8173]" started-at="2022-07-19T22:54:50 NZST" name="pauseReporting" finished-at="2022-07-19T22:54:50 NZST" duration-ms="415" status="PASS">
          <reporter-output>
          </reporter-output>
        </test-method> <!-- pauseReporting -->
      </class> <!-- qa.testcases.HomePageTest -->
    </test> <!-- Default test -->
  </suite> <!-- Default suite -->
</testng-results>
